This file contains any messages produced by compilers while
running configure, to aid debugging if configure makes a mistake.

It was created by apertium-kaz-rus configure 0.2.0, which was
generated by GNU Autoconf 2.69.  Invocation command line was

  $ ./configure --with-lang1=/home/aida/apertium-testing/apertium-kaz --with-lang2=/home/aida/apertium-testing/apertium-rus PKG_CONFIG_PATH=/usr/local/lib/pkgconfig:/usr/local/share/pkgconfig:/usr/local/lib/pkgconfig --no-create --no-recursion

## --------- ##
## Platform. ##
## --------- ##

hostname = aida-HP-Pavilion-Notebook
uname -m = x86_64
uname -r = 4.4.0-75-generic
uname -s = Linux
uname -v = #96-Ubuntu SMP Thu Apr 20 09:56:33 UTC 2017

/usr/bin/uname -p = unknown
/bin/uname -X     = unknown

/bin/arch              = unknown
/usr/bin/arch -k       = unknown
/usr/convex/getsysinfo = unknown
/usr/bin/hostinfo      = unknown
/bin/machine           = unknown
/usr/bin/oslevel       = unknown
/bin/universe          = unknown

PATH: /usr/local/sbin
PATH: /usr/local/bin
PATH: /usr/sbin
PATH: /usr/bin
PATH: /sbin
PATH: /bin
PATH: /usr/games
PATH: /usr/local/games
PATH: /snap/bin
PATH: /usr/lib/jvm/java-8-oracle/bin
PATH: /usr/lib/jvm/java-8-oracle/db/bin
PATH: /usr/lib/jvm/java-8-oracle/jre/bin


## ----------- ##
## Core tests. ##
## ----------- ##

configure:1848: checking for a BSD-compatible install
configure:1916: result: /usr/bin/install -c
configure:1927: checking whether build environment is sane
configure:1982: result: yes
configure:2133: checking for a thread-safe mkdir -p
configure:2172: result: /bin/mkdir -p
configure:2179: checking for gawk
configure:2195: found /usr/bin/gawk
configure:2206: result: gawk
configure:2217: checking whether make sets $(MAKE)
configure:2239: result: yes
configure:2268: checking whether make supports nested variables
configure:2285: result: yes
configure:2403: checking whether ln -s works
configure:2407: result: yes
configure:2418: checking for gawk
configure:2445: result: gawk
configure:2512: checking for pkg-config
configure:2530: found /usr/bin/pkg-config
configure:2542: result: /usr/bin/pkg-config
configure:2567: checking pkg-config is at least version 0.9.0
configure:2570: result: yes
configure:2580: checking for APERTIUM
configure:2587: $PKG_CONFIG --exists --print-errors "apertium >= 3.3.0"
configure:2590: $? = 0
configure:2604: $PKG_CONFIG --exists --print-errors "apertium >= 3.3.0"
configure:2607: $? = 0
configure:2825: result: yes
configure:2832: checking for hfst-lexc
configure:2850: found /usr/bin/hfst-lexc
configure:2863: result: /usr/bin/hfst-lexc
configure:2882: checking for hfst-twolc
configure:2900: found /usr/bin/hfst-twolc
configure:2913: result: /usr/bin/hfst-twolc
configure:2932: checking for cg-comp
configure:2950: found /usr/bin/cg-comp
configure:2963: result: /usr/bin/cg-comp
configure:2982: checking for cg-proc
configure:3000: found /usr/bin/cg-proc
configure:3013: result: /usr/bin/cg-proc
configure:3032: checking for lrx-comp
configure:3050: found /usr/bin/lrx-comp
configure:3063: result: /usr/bin/lrx-comp
configure:3082: checking for lrx-proc
configure:3100: found /usr/bin/lrx-proc
configure:3113: result: /usr/bin/lrx-proc
configure:3132: checking for gzcat
configure:3163: result: no
configure:3173: checking for zcat
configure:3191: found /bin/zcat
configure:3204: result: /bin/zcat
configure:3679: checking that generated files are newer than configure
configure:3685: result: done
configure:3693: creating ./config.status

## ---------------- ##
## Cache variables. ##
## ---------------- ##

ac_cv_env_APERTIUM_CFLAGS_set=
ac_cv_env_APERTIUM_CFLAGS_value=
ac_cv_env_APERTIUM_KAZ_CFLAGS_set=
ac_cv_env_APERTIUM_KAZ_CFLAGS_value=
ac_cv_env_APERTIUM_KAZ_LIBS_set=
ac_cv_env_APERTIUM_KAZ_LIBS_value=
ac_cv_env_APERTIUM_LIBS_set=
ac_cv_env_APERTIUM_LIBS_value=
ac_cv_env_APERTIUM_RUS_CFLAGS_set=
ac_cv_env_APERTIUM_RUS_CFLAGS_value=
ac_cv_env_APERTIUM_RUS_LIBS_set=
ac_cv_env_APERTIUM_RUS_LIBS_value=
ac_cv_env_AP_LIB1_set=
ac_cv_env_AP_LIB1_value=
ac_cv_env_AP_LIB2_set=
ac_cv_env_AP_LIB2_value=
ac_cv_env_AP_SRC1_set=
ac_cv_env_AP_SRC1_value=
ac_cv_env_AP_SRC2_set=
ac_cv_env_AP_SRC2_value=
ac_cv_env_AP_SUBDIRS_set=
ac_cv_env_AP_SUBDIRS_value=
ac_cv_env_PKG_CONFIG_LIBDIR_set=
ac_cv_env_PKG_CONFIG_LIBDIR_value=
ac_cv_env_PKG_CONFIG_PATH_set=set
ac_cv_env_PKG_CONFIG_PATH_value=/usr/local/lib/pkgconfig:/usr/local/share/pkgconfig:/usr/local/lib/pkgconfig
ac_cv_env_PKG_CONFIG_set=
ac_cv_env_PKG_CONFIG_value=
ac_cv_env_build_alias_set=
ac_cv_env_build_alias_value=
ac_cv_env_host_alias_set=
ac_cv_env_host_alias_value=
ac_cv_env_target_alias_set=
ac_cv_env_target_alias_value=
ac_cv_path_CGCOMP=/usr/bin/cg-comp
ac_cv_path_CGPROC=/usr/bin/cg-proc
ac_cv_path_GZCAT=no
ac_cv_path_HFSTLEXC=/usr/bin/hfst-lexc
ac_cv_path_HFSTTWOLC=/usr/bin/hfst-twolc
ac_cv_path_LRXCOMP=/usr/bin/lrx-comp
ac_cv_path_LRXPROC=/usr/bin/lrx-proc
ac_cv_path_ZCAT=/bin/zcat
ac_cv_path_ac_pt_PKG_CONFIG=/usr/bin/pkg-config
ac_cv_path_install='/usr/bin/install -c'
ac_cv_path_mkdir=/bin/mkdir
ac_cv_prog_AWK=gawk
ac_cv_prog_make_make_set=yes
am_cv_make_support_nested_variables=yes
pkg_cv_APERTIUM_CFLAGS='-I/usr/include/apertium-3.4 -I/usr/lib/x86_64-linux-gnu/apertium-3.4/include -I/usr/include/lttoolbox-3.3 -I/usr/lib/x86_64-linux-gnu/lttoolbox-3.3/include -I/usr/include/libxml2'
pkg_cv_APERTIUM_LIBS='-lapertium3 -llttoolbox3 -lxml2 -lpcre'

## ----------------- ##
## Output variables. ##
## ----------------- ##

ACLOCAL='${SHELL} /home/aida/apertium-testing/apertium-kaz-rus/missing aclocal-1.15'
AMTAR='$${TAR-tar}'
AM_BACKSLASH='\'
AM_DEFAULT_V='$(AM_DEFAULT_VERBOSITY)'
AM_DEFAULT_VERBOSITY='1'
AM_V='$(V)'
APERTIUM_CFLAGS='-I/usr/include/apertium-3.4 -I/usr/lib/x86_64-linux-gnu/apertium-3.4/include -I/usr/include/lttoolbox-3.3 -I/usr/lib/x86_64-linux-gnu/lttoolbox-3.3/include -I/usr/include/libxml2'
APERTIUM_KAZ_CFLAGS=''
APERTIUM_KAZ_LIBS=''
APERTIUM_LIBS='-lapertium3 -llttoolbox3 -lxml2 -lpcre'
APERTIUM_RUS_CFLAGS=''
APERTIUM_RUS_LIBS=''
AP_LIB1='/home/aida/apertium-testing/apertium-kaz'
AP_LIB2='/home/aida/apertium-testing/apertium-rus'
AP_SRC1='/home/aida/apertium-testing/apertium-kaz'
AP_SRC2='/home/aida/apertium-testing/apertium-rus'
AP_SUBDIRS=' /home/aida/apertium-testing/apertium-kaz /home/aida/apertium-testing/apertium-rus'
AUTOCONF='${SHELL} /home/aida/apertium-testing/apertium-kaz-rus/missing autoconf'
AUTOHEADER='${SHELL} /home/aida/apertium-testing/apertium-kaz-rus/missing autoheader'
AUTOMAKE='${SHELL} /home/aida/apertium-testing/apertium-kaz-rus/missing automake-1.15'
AWK='gawk'
CGCOMP='/usr/bin/cg-comp'
CGPROC='/usr/bin/cg-proc'
CYGPATH_W='echo'
DEFS='-DPACKAGE_NAME=\"apertium-kaz-rus\" -DPACKAGE_TARNAME=\"apertium-kaz-rus\" -DPACKAGE_VERSION=\"0.2.0\" -DPACKAGE_STRING=\"apertium-kaz-rus\ 0.2.0\" -DPACKAGE_BUGREPORT=\"spectre360@users.sourceforge.net\" -DPACKAGE_URL=\"\"'
ECHO_C=''
ECHO_N='-n'
ECHO_T=''
GZCAT='no'
HFSTLEXC='/usr/bin/hfst-lexc'
HFSTTWOLC='/usr/bin/hfst-twolc'
INSTALL_DATA='${INSTALL} -m 644'
INSTALL_PROGRAM='${INSTALL}'
INSTALL_SCRIPT='${INSTALL}'
INSTALL_STRIP_PROGRAM='$(install_sh) -c -s'
LIBOBJS=''
LIBS=''
LN_S='ln -s'
LRXCOMP='/usr/bin/lrx-comp'
LRXPROC='/usr/bin/lrx-proc'
LTLIBOBJS=''
MAKEINFO='${SHELL} /home/aida/apertium-testing/apertium-kaz-rus/missing makeinfo'
MKDIR_P='/bin/mkdir -p'
PACKAGE='apertium-kaz-rus'
PACKAGE_BUGREPORT='spectre360@users.sourceforge.net'
PACKAGE_NAME='apertium-kaz-rus'
PACKAGE_STRING='apertium-kaz-rus 0.2.0'
PACKAGE_TARNAME='apertium-kaz-rus'
PACKAGE_URL=''
PACKAGE_VERSION='0.2.0'
PATH_SEPARATOR=':'
PKG_CONFIG='/usr/bin/pkg-config'
PKG_CONFIG_LIBDIR=''
PKG_CONFIG_PATH='/usr/local/lib/pkgconfig:/usr/local/share/pkgconfig:/usr/local/lib/pkgconfig'
SET_MAKE=''
SHELL='/bin/bash'
STRIP=''
VERSION='0.2.0'
ZCAT='zcat'
am__isrc=''
am__leading_dot='.'
am__tar='$${TAR-tar} chof - "$$tardir"'
am__untar='$${TAR-tar} xf -'
bindir='${exec_prefix}/bin'
build_alias=''
datadir='${datarootdir}'
datarootdir='${prefix}/share'
docdir='${datarootdir}/doc/${PACKAGE_TARNAME}'
dvidir='${docdir}'
exec_prefix='${prefix}'
host_alias=''
htmldir='${docdir}'
includedir='${prefix}/include'
infodir='${datarootdir}/info'
install_sh='${SHELL} /home/aida/apertium-testing/apertium-kaz-rus/install-sh'
libdir='${exec_prefix}/lib'
libexecdir='${exec_prefix}/libexec'
localedir='${datarootdir}/locale'
localstatedir='${prefix}/var'
mandir='${datarootdir}/man'
mkdir_p='$(MKDIR_P)'
oldincludedir='/usr/include'
pdfdir='${docdir}'
prefix='/usr/local'
program_transform_name='s,x,x,'
psdir='${docdir}'
runstatedir='${localstatedir}/run'
sbindir='${exec_prefix}/sbin'
sharedstatedir='${prefix}/com'
sysconfdir='${prefix}/etc'
target_alias=''

## ------------------- ##
## File substitutions. ##
## ------------------- ##

ap_include='./ap_include.am'

## ----------- ##
## confdefs.h. ##
## ----------- ##

/* confdefs.h */
#define PACKAGE_NAME "apertium-kaz-rus"
#define PACKAGE_TARNAME "apertium-kaz-rus"
#define PACKAGE_VERSION "0.2.0"
#define PACKAGE_STRING "apertium-kaz-rus 0.2.0"
#define PACKAGE_BUGREPORT "spectre360@users.sourceforge.net"
#define PACKAGE_URL ""

configure: exit 0

## ---------------------- ##
## Running config.status. ##
## ---------------------- ##

This file was extended by apertium-kaz-rus config.status 0.2.0, which was
generated by GNU Autoconf 2.69.  Invocation command line was

  CONFIG_FILES    = 
  CONFIG_HEADERS  = 
  CONFIG_LINKS    = 
  CONFIG_COMMANDS = 
  $ ./config.status 

on aida-HP-Pavilion-Notebook

config.status:793: creating Makefile
